2025-10-09 22:32:23,162 - __main__ - INFO - ============================================================
2025-10-09 22:32:23,163 - __main__ - INFO - 灰度TIFF像素放大工具启动
2025-10-09 22:32:23,163 - __main__ - INFO - ============================================================
2025-10-09 22:32:23,679 - gui.main_window - INFO - 应用启动
2025-10-09 22:32:26,870 - gui.main_window - INFO - 应用关闭
2025-10-09 23:18:49,658 - __main__ - INFO - ============================================================
2025-10-09 23:18:49,658 - __main__ - INFO - 灰度TIFF像素放大工具启动
2025-10-09 23:18:49,658 - __main__ - INFO - ============================================================
2025-10-09 23:18:50,077 - gui.main_window - INFO - 应用启动
2025-10-09 23:19:08,239 - core.image_processor - ERROR - 加载TIFF文件失败: 仅支持灰度图像，当前模式: RGB
2025-10-09 23:19:08,239 - gui.main_window - ERROR - 加载图像失败: 仅支持灰度图像，当前模式: RGB
2025-10-09 23:19:09,370 - gui.controls - INFO - 选择文件: E:/Documents/OneDrive - Wuchang Experimental High School/课题组/CX/有源数字液滴微流控/光流控/HeLa电穿孔/20251002/2/DSC02930.TIF
2025-10-09 23:19:12,027 - core.image_processor - INFO - 成功加载图像: E:/Documents/OneDrive - Wuchang Experimental High School/课题组/CX/有源数字液滴微流控/光流控/HeLa电穿孔/20251002/2/DSC02930-RAWcomposite.tif
2025-10-09 23:19:12,027 - core.image_processor - INFO - 尺寸: (57, 52), 位深度: 16位
2025-10-09 23:19:12,028 - gui.image_viewer - INFO - 图像已加载到查看器: (52, 57)
2025-10-09 23:19:13,022 - gui.controls - INFO - 选择文件: E:/Documents/OneDrive - Wuchang Experimental High School/课题组/CX/有源数字液滴微流控/光流控/HeLa电穿孔/20251002/2/DSC02930-RAWcomposite.tif
2025-10-09 23:19:23,765 - core.image_processor - INFO - 开始放大图像: 57x52 -> 1140x1040 (倍数: 20x)
2025-10-09 23:19:23,770 - core.image_processor - INFO - 图像放大完成
2025-10-09 23:19:23,776 - gui.image_viewer - INFO - 图像已加载到查看器: (1040, 1140)
2025-10-09 23:19:36,698 - core.image_processor - ERROR - 保存图像失败: not enough image data
2025-10-09 23:19:48,209 - core.image_processor - INFO - 开始放大图像: 57x52 -> 570x520 (倍数: 10x)
2025-10-09 23:19:48,210 - core.image_processor - INFO - 图像放大完成
2025-10-09 23:19:48,211 - gui.image_viewer - INFO - 图像已加载到查看器: (520, 570)
2025-10-09 23:19:51,732 - core.image_processor - INFO - 开始放大图像: 57x52 -> 684x624 (倍数: 12x)
2025-10-09 23:19:51,734 - core.image_processor - INFO - 图像放大完成
2025-10-09 23:19:51,735 - gui.image_viewer - INFO - 图像已加载到查看器: (624, 684)
2025-10-09 23:20:00,635 - core.image_processor - ERROR - 保存图像失败: not enough image data
2025-10-09 23:42:44,037 - gui.main_window - INFO - 应用关闭
2025-10-09 23:42:48,767 - __main__ - INFO - ============================================================
2025-10-09 23:42:48,767 - __main__ - INFO - 灰度TIFF像素放大工具启动
2025-10-09 23:42:48,767 - __main__ - INFO - ============================================================
2025-10-09 23:42:49,244 - gui.main_window - INFO - 应用启动
2025-10-09 23:43:04,877 - core.image_processor - INFO - 成功加载图像: E:/Documents/OneDrive - Wuchang Experimental High School/课题组/CX/有源数字液滴微流控/光流控/HeLa电穿孔/20251002/2/DSC02930-RAWcomposite.tif
2025-10-09 23:43:04,877 - core.image_processor - INFO - 尺寸: (57, 52), 位深度: 16位
2025-10-09 23:43:04,877 - gui.image_viewer - INFO - 图像已加载到查看器: (52, 57)
2025-10-09 23:43:05,703 - gui.controls - INFO - 选择文件: E:/Documents/OneDrive - Wuchang Experimental High School/课题组/CX/有源数字液滴微流控/光流控/HeLa电穿孔/20251002/2/DSC02930-RAWcomposite.tif
2025-10-09 23:43:06,658 - core.image_processor - INFO - 开始放大图像: 57x52 -> 570x520 (倍数: 10x)
2025-10-09 23:43:06,659 - core.image_processor - INFO - 图像放大完成
2025-10-09 23:43:06,662 - gui.image_viewer - INFO - 图像已加载到查看器: (520, 570)
2025-10-09 23:43:10,482 - core.image_processor - INFO - 开始放大图像: 57x52 -> 1140x1040 (倍数: 20x)
2025-10-09 23:43:10,486 - core.image_processor - INFO - 图像放大完成
2025-10-09 23:43:10,492 - gui.image_viewer - INFO - 图像已加载到查看器: (1040, 1140)
2025-10-09 23:43:21,997 - core.image_processor - INFO - 图像已保存: E:/Documents/OneDrive - Wuchang Experimental High School/课题组/CX/有源数字液滴微流控/光流控/HeLa电穿孔/20251002/2/DSC02930-RAWcomposite_20x_1140x1040.tiff
2025-10-09 23:43:30,815 - core.image_processor - INFO - 成功加载图像: E:/Documents/OneDrive - Wuchang Experimental High School/课题组/CX/有源数字液滴微流控/光流控/HeLa电穿孔/20251002/2/DSC02930-RAWcomposite_r_channel.tif
2025-10-09 23:43:30,815 - core.image_processor - INFO - 尺寸: (27, 26), 位深度: 16位
2025-10-09 23:43:30,815 - gui.image_viewer - INFO - 图像已加载到查看器: (26, 27)
2025-10-09 23:43:32,432 - gui.controls - INFO - 选择文件: E:/Documents/OneDrive - Wuchang Experimental High School/课题组/CX/有源数字液滴微流控/光流控/HeLa电穿孔/20251002/2/DSC02930-RAWcomposite_r_channel.tif
2025-10-09 23:43:32,913 - core.image_processor - INFO - 开始放大图像: 27x26 -> 540x520 (倍数: 20x)
2025-10-09 23:43:32,914 - core.image_processor - INFO - 图像放大完成
2025-10-09 23:43:32,915 - gui.image_viewer - INFO - 图像已加载到查看器: (520, 540)
2025-10-09 23:43:43,134 - core.image_processor - INFO - 图像已保存: E:/Documents/OneDrive - Wuchang Experimental High School/课题组/CX/有源数字液滴微流控/光流控/HeLa电穿孔/20251002/2/DSC02930-RAWcomposite_r_channel_20x_540x520.tiff
2025-10-09 23:43:44,954 - gui.main_window - INFO - 应用关闭
2025-10-09 23:51:18,442 - __main__ - INFO - ============================================================
2025-10-09 23:51:18,442 - __main__ - INFO - 灰度TIFF像素放大工具启动
2025-10-09 23:51:18,442 - __main__ - INFO - ============================================================
2025-10-09 23:51:18,844 - gui.main_window - INFO - 应用启动
2025-10-09 23:51:30,180 - core.image_processor - INFO - 成功加载RGB图像: E:/Documents/OneDrive - Wuchang Experimental High School/课题组/CX/有源数字液滴微流控/光流控/HeLa电穿孔/20251002/2/DSC02930.TIF
2025-10-09 23:51:30,180 - core.image_processor - INFO - 尺寸: (59, 54), 位深度: 8位
2025-10-09 23:51:30,181 - gui.image_viewer - INFO - 图像已加载到查看器: (54, 59, 3)
2025-10-09 23:51:30,181 - gui.main_window - ERROR - 加载图像失败: too many values to unpack (expected 2)
2025-10-09 23:51:33,801 - gui.controls - INFO - 选择文件: E:/Documents/OneDrive - Wuchang Experimental High School/课题组/CX/有源数字液滴微流控/光流控/HeLa电穿孔/20251002/2/DSC02930.TIF
2025-10-09 23:51:35,081 - gui.main_window - INFO - 应用关闭
2025-10-09 23:53:07,612 - __main__ - INFO - ============================================================
2025-10-09 23:53:07,612 - __main__ - INFO - 灰度TIFF像素放大工具启动
2025-10-09 23:53:07,612 - __main__ - INFO - ============================================================
2025-10-09 23:53:08,021 - gui.main_window - INFO - 应用启动
2025-10-09 23:53:15,262 - core.image_processor - INFO - 成功加载RGB图像: E:/Documents/OneDrive - Wuchang Experimental High School/课题组/CX/有源数字液滴微流控/光流控/HeLa电穿孔/20251002/2/DSC02930.TIF
2025-10-09 23:53:15,262 - core.image_processor - INFO - 尺寸: (59, 54), 位深度: 8位
2025-10-09 23:53:15,263 - gui.image_viewer - INFO - 图像已加载到查看器: (54, 59, 3)
2025-10-09 23:53:16,498 - gui.controls - INFO - 选择文件: E:/Documents/OneDrive - Wuchang Experimental High School/课题组/CX/有源数字液滴微流控/光流控/HeLa电穿孔/20251002/2/DSC02930.TIF
2025-10-09 23:53:19,813 - gui.main_window - ERROR - 预览失败: too many values to unpack (expected 2)
2025-10-09 23:53:23,428 - gui.main_window - INFO - 应用关闭
2025-10-09 23:55:17,046 - __main__ - INFO - ============================================================
2025-10-09 23:55:17,046 - __main__ - INFO - 灰度TIFF像素放大工具启动
2025-10-09 23:55:17,046 - __main__ - INFO - ============================================================
2025-10-09 23:55:17,443 - gui.main_window - INFO - 应用启动
2025-10-09 23:55:23,555 - core.image_processor - INFO - 成功加载RGB图像: E:/Documents/OneDrive - Wuchang Experimental High School/课题组/CX/有源数字液滴微流控/光流控/HeLa电穿孔/20251002/2/DSC02930.TIF
2025-10-09 23:55:23,555 - core.image_processor - INFO - 尺寸: (59, 54), 位深度: 8位
2025-10-09 23:55:23,555 - gui.image_viewer - INFO - 图像已加载到查看器: (54, 59, 3)
2025-10-09 23:55:24,385 - gui.controls - INFO - 选择文件: E:/Documents/OneDrive - Wuchang Experimental High School/课题组/CX/有源数字液滴微流控/光流控/HeLa电穿孔/20251002/2/DSC02930.TIF
2025-10-09 23:55:26,198 - core.image_processor - INFO - 开始放大图像: 59x54 -> 590x540 (倍数: 10x)
2025-10-09 23:55:26,200 - core.image_processor - INFO - 图像放大完成
2025-10-09 23:55:26,201 - gui.image_viewer - INFO - 图像已加载到查看器: (540, 590, 3)
2025-10-09 23:55:35,511 - core.image_processor - INFO - 开始放大图像: 59x54 -> 1180x1080 (倍数: 20x)
2025-10-09 23:55:35,516 - core.image_processor - INFO - 图像放大完成
2025-10-09 23:55:35,516 - gui.image_viewer - INFO - 图像已加载到查看器: (1080, 1180, 3)
2025-10-09 23:55:44,267 - core.image_processor - INFO - RGB图像已保存: E:/Documents/OneDrive - Wuchang Experimental High School/课题组/CX/有源数字液滴微流控/光流控/HeLa电穿孔/20251002/2/DSC02930_20x_1180x1080.tiff
2025-10-09 23:55:45,793 - gui.main_window - INFO - 应用关闭
2025-10-10 00:34:55,190 - __main__ - INFO - ============================================================
2025-10-10 00:34:55,191 - __main__ - INFO - 灰度TIFF像素放大工具启动
2025-10-10 00:34:55,191 - __main__ - INFO - ============================================================
2025-10-10 00:34:55,613 - gui.main_window - INFO - 应用启动
2025-10-10 00:35:05,668 - core.image_processor - INFO - 检测到图像模式: RGB
2025-10-10 00:35:05,669 - core.image_processor - INFO - 转换为灰度图
2025-10-10 00:35:05,669 - core.image_processor - INFO - 成功加载图像: E:/Documents/OneDrive - Wuchang Experimental High School/课题组/CX/有源数字液滴微流控/光流控/HeLa电穿孔/20251002/2/DSC02930.TIF
2025-10-10 00:35:05,669 - core.image_processor - INFO - 尺寸: (59, 54), 位深度: 8位, RGB: True
2025-10-10 00:35:05,670 - gui.image_viewer - INFO - 图像已加载到查看器: (54, 59)
2025-10-10 00:35:07,343 - gui.controls - INFO - 选择文件: E:/Documents/OneDrive - Wuchang Experimental High School/课题组/CX/有源数字液滴微流控/光流控/HeLa电穿孔/20251002/2/DSC02930.TIF
2025-10-10 00:35:09,830 - gui.controls - INFO - 通道切换: R-红色
2025-10-10 00:35:13,554 - core.image_processor - INFO - 切换到红色通道
2025-10-10 00:35:13,554 - core.image_processor - INFO - 开始放大图像: 59x54 -> 1180x1080 (倍数: 20x)
2025-10-10 00:35:13,558 - core.image_processor - INFO - 图像放大完成
2025-10-10 00:35:13,559 - gui.main_window - ERROR - 显示处理结果失败: too many values to unpack (expected 2)
2025-10-10 00:40:02,478 - __main__ - INFO - ============================================================
2025-10-10 00:40:02,478 - __main__ - INFO - 灰度TIFF像素放大工具启动
2025-10-10 00:40:02,478 - __main__ - INFO - ============================================================
2025-10-10 00:40:02,903 - gui.main_window - INFO - 应用启动
2025-10-10 00:40:20,112 - core.image_processor - INFO - 检测到图像模式: RGB
2025-10-10 00:40:20,113 - core.image_processor - INFO - 转换为灰度图
2025-10-10 00:40:20,113 - core.image_processor - INFO - 成功加载图像: E:/Documents/OneDrive - Wuchang Experimental High School/课题组/CX/有源数字液滴微流控/光流控/HeLa电穿孔/20251002/2/DSC02930.TIF
2025-10-10 00:40:20,113 - core.image_processor - INFO - 尺寸: (59, 54), 位深度: 8位, RGB: True
2025-10-10 00:40:20,113 - gui.image_viewer - INFO - 图像已加载到查看器: (54, 59)
2025-10-10 00:40:20,965 - gui.controls - INFO - 选择文件: E:/Documents/OneDrive - Wuchang Experimental High School/课题组/CX/有源数字液滴微流控/光流控/HeLa电穿孔/20251002/2/DSC02930.TIF
2025-10-10 00:40:22,343 - gui.controls - INFO - 通道切换: R-红色
2025-10-10 00:40:25,274 - core.image_processor - INFO - 切换到红色通道
2025-10-10 00:40:25,274 - core.image_processor - INFO - 开始放大图像: 59x54 -> 1180x1080 (倍数: 20x)
2025-10-10 00:40:25,277 - core.image_processor - INFO - 图像放大完成
2025-10-10 00:40:25,279 - gui.image_viewer - INFO - 图像已加载到查看器: (1080, 1180, 3)
2025-10-10 00:40:25,279 - gui.main_window - ERROR - 显示处理结果失败: too many values to unpack (expected 2)
2025-10-10 00:40:29,844 - gui.main_window - INFO - 应用关闭
2025-10-10 00:42:16,555 - __main__ - INFO - ============================================================
2025-10-10 00:42:16,556 - __main__ - INFO - 灰度TIFF像素放大工具启动
2025-10-10 00:42:16,556 - __main__ - INFO - ============================================================
2025-10-10 00:42:17,069 - gui.main_window - INFO - 应用启动
2025-10-10 00:42:24,758 - core.image_processor - INFO - 检测到图像模式: RGB
2025-10-10 00:42:24,760 - core.image_processor - INFO - 转换为灰度图
2025-10-10 00:42:24,760 - core.image_processor - INFO - 成功加载图像: E:/Documents/OneDrive - Wuchang Experimental High School/课题组/CX/有源数字液滴微流控/光流控/HeLa电穿孔/20251002/2/DSC02930.TIF
2025-10-10 00:42:24,760 - core.image_processor - INFO - 尺寸: (59, 54), 位深度: 8位, RGB: True
2025-10-10 00:42:24,761 - gui.image_viewer - INFO - 图像已加载到查看器: (54, 59)
2025-10-10 00:42:25,719 - gui.controls - INFO - 选择文件: E:/Documents/OneDrive - Wuchang Experimental High School/课题组/CX/有源数字液滴微流控/光流控/HeLa电穿孔/20251002/2/DSC02930.TIF
2025-10-10 00:42:26,900 - gui.controls - INFO - 通道切换: R-红色
2025-10-10 00:42:28,636 - core.image_processor - INFO - 切换到红色通道
2025-10-10 00:42:28,636 - core.image_processor - INFO - 开始放大图像: 59x54 -> 1180x1080 (倍数: 20x)
2025-10-10 00:42:28,642 - core.image_processor - INFO - 图像放大完成
2025-10-10 00:42:28,644 - gui.image_viewer - INFO - 图像已加载到查看器: (1080, 1180, 3)
2025-10-10 00:42:28,644 - gui.main_window - ERROR - 显示处理结果失败: too many values to unpack (expected 2)
2025-10-10 00:42:38,927 - core.image_processor - WARNING - 16位TIFF伪色图转换为8位RGB
2025-10-10 00:42:38,933 - core.image_processor - INFO - 生成R通道伪色图（8位RGB）
2025-10-10 00:42:38,937 - core.image_processor - INFO - 图像已保存: E:/Documents/OneDrive - Wuchang Experimental High School/课题组/CX/有源数字液滴微流控/光流控/HeLa电穿孔/20251002/2/DSC02930_20x_1180x1080.tiff
2025-10-10 00:42:40,183 - gui.main_window - INFO - 应用关闭
2025-10-10 10:54:15,019 - __main__ - INFO - ============================================================
2025-10-10 10:54:15,019 - __main__ - INFO - 灰度TIFF像素放大工具启动
2025-10-10 10:54:15,019 - __main__ - INFO - ============================================================
2025-10-10 10:54:15,704 - gui.main_window - INFO - 应用启动
2025-10-10 10:54:19,960 - gui.main_window - INFO - 应用关闭
2025-10-10 12:56:14,708 - __main__ - INFO - ============================================================
2025-10-10 12:56:14,708 - __main__ - INFO - 灰度TIFF像素放大工具启动
2025-10-10 12:56:14,708 - __main__ - INFO - ============================================================
2025-10-10 12:56:15,152 - gui.main_window - INFO - 应用启动
2025-10-10 12:56:33,501 - gui.main_window - INFO - 应用关闭
2025-10-10 12:56:56,421 - __main__ - INFO - ============================================================
2025-10-10 12:56:56,421 - __main__ - INFO - 灰度TIFF像素放大工具启动
2025-10-10 12:56:56,421 - __main__ - INFO - ============================================================
2025-10-10 12:56:56,848 - gui.main_window - INFO - 应用启动
2025-10-10 12:56:58,147 - gui.main_window - INFO - 应用关闭
2025-10-10 13:01:30,597 - __main__ - INFO - ============================================================
2025-10-10 13:01:30,597 - __main__ - INFO - 灰度TIFF像素放大工具启动
2025-10-10 13:01:30,598 - __main__ - INFO - ============================================================
2025-10-10 13:01:31,017 - gui.main_window - INFO - 应用启动
2025-10-10 13:01:41,970 - core.utils - ERROR - 不是TIFF文件: E:/Documents/OneDrive - Wuchang Experimental High School/课题组/CX/有源数字液滴微流控/光流控/HeLa电穿孔/20251002/2/Output/Demo/results/roi_visualizations/roi_vis_DSC02930-RAWcomposite.png
2025-10-10 13:01:43,113 - gui.controls - INFO - 选择文件: E:/Documents/OneDrive - Wuchang Experimental High School/课题组/CX/有源数字液滴微流控/光流控/HeLa电穿孔/20251002/2/Output/Demo/results/roi_visualizations/roi_vis_DSC02930-RAWcomposite.png
2025-10-10 13:01:52,767 - core.utils - ERROR - 不是TIFF文件: E:/Documents/OneDrive - Wuchang Experimental High School/课题组/CX/有源数字液滴微流控/光流控/HeLa电穿孔/20251002/2/Output/Demo/results/roi_visualizations/roi_vis_DSC02930-RAWcomposite.png
2025-10-10 13:01:53,826 - gui.controls - INFO - 选择文件: E:/Documents/OneDrive - Wuchang Experimental High School/课题组/CX/有源数字液滴微流控/光流控/HeLa电穿孔/20251002/2/Output/Demo/results/roi_visualizations/roi_vis_DSC02930-RAWcomposite.png
2025-10-10 13:01:54,824 - gui.main_window - INFO - 应用关闭
2025-10-10 13:03:50,653 - __main__ - INFO - ============================================================
2025-10-10 13:03:50,653 - __main__ - INFO - 灰度TIFF像素放大工具启动
2025-10-10 13:03:50,653 - __main__ - INFO - ============================================================
2025-10-10 13:03:51,051 - gui.main_window - INFO - 应用启动
2025-10-10 13:04:06,287 - core.image_processor - INFO - 检测到图像模式: RGB
2025-10-10 13:04:06,289 - core.image_processor - INFO - 转换为灰度图
2025-10-10 13:04:06,289 - core.image_processor - INFO - 加载图像: E:/Documents/OneDrive - Wuchang Experimental High School/课题组/CX/有源数字液滴微流控/光流控/HeLa电穿孔/20251002/2/Output/Demo/results/roi_visualizations/roi_vis_DSC02930-RAWcomposite.png
2025-10-10 13:04:06,289 - core.image_processor - INFO - 原始尺寸: 78 x 74, 位深度: 8位, RGB: True
2025-10-10 13:04:06,290 - gui.image_viewer - INFO - 图像已加载到查看器: (74, 78)
2025-10-10 13:04:07,670 - gui.controls - INFO - 选择文件: E:/Documents/OneDrive - Wuchang Experimental High School/课题组/CX/有源数字液滴微流控/光流控/HeLa电穿孔/20251002/2/Output/Demo/results/roi_visualizations/roi_vis_DSC02930-RAWcomposite.png
2025-10-10 13:04:22,609 - gui.main_window - INFO - 应用关闭
2025-10-10 13:05:51,947 - __main__ - INFO - ============================================================
2025-10-10 13:05:51,947 - __main__ - INFO - 灰度TIFF像素放大工具启动
2025-10-10 13:05:51,947 - __main__ - INFO - ============================================================
2025-10-10 13:05:52,395 - gui.main_window - INFO - 应用启动
2025-10-10 13:05:53,677 - gui.main_window - INFO - 应用关闭
2025-10-10 13:07:47,144 - __main__ - INFO - ============================================================
2025-10-10 13:07:47,144 - __main__ - INFO - 灰度TIFF像素放大工具启动
2025-10-10 13:07:47,144 - __main__ - INFO - ============================================================
2025-10-10 13:07:47,565 - gui.main_window - INFO - 应用启动
2025-10-10 13:08:01,293 - core.image_processor - INFO - 检测到图像模式: RGB, 文件类型: .png
2025-10-10 13:08:01,293 - core.image_processor - INFO - PNG文件：保持RGB格式
2025-10-10 13:08:01,294 - core.image_processor - INFO - 加载图像: E:/Documents/OneDrive - Wuchang Experimental High School/课题组/CX/有源数字液滴微流控/光流控/HeLa电穿孔/20251002/2/Output/Demo/results/roi_visualizations/roi_vis_DSC02930-RAWcomposite.png
2025-10-10 13:08:01,294 - core.image_processor - INFO - 原始尺寸: 78 x 74, 位深度: 8位, RGB: True
2025-10-10 13:08:01,294 - gui.main_window - INFO - PNG RGB图像：禁用通道选择器
2025-10-10 13:08:01,294 - gui.image_viewer - INFO - 图像已加载到查看器: (74, 78, 3)
2025-10-10 13:08:01,295 - gui.main_window - ERROR - 加载图像失败: too many values to unpack (expected 2)
2025-10-10 13:08:02,624 - gui.controls - INFO - 选择文件: E:/Documents/OneDrive - Wuchang Experimental High School/课题组/CX/有源数字液滴微流控/光流控/HeLa电穿孔/20251002/2/Output/Demo/results/roi_visualizations/roi_vis_DSC02930-RAWcomposite.png
2025-10-10 13:08:23,345 - gui.main_window - ERROR - 预览失败: too many values to unpack (expected 2)
2025-10-10 13:08:25,054 - gui.main_window - INFO - 应用关闭
2025-10-10 13:09:35,429 - __main__ - INFO - ============================================================
2025-10-10 13:09:35,429 - __main__ - INFO - 灰度TIFF像素放大工具启动
2025-10-10 13:09:35,429 - __main__ - INFO - ============================================================
2025-10-10 13:09:35,843 - gui.main_window - INFO - 应用启动
2025-10-10 13:09:44,975 - core.image_processor - INFO - 检测到图像模式: RGB, 文件类型: .png
2025-10-10 13:09:44,975 - core.image_processor - INFO - PNG文件：保持RGB格式
2025-10-10 13:09:44,975 - core.image_processor - INFO - 加载图像: E:/Documents/OneDrive - Wuchang Experimental High School/课题组/CX/有源数字液滴微流控/光流控/HeLa电穿孔/20251002/2/Output/Demo/results/roi_visualizations/roi_vis_DSC02930-RAWcomposite.png
2025-10-10 13:09:44,975 - core.image_processor - INFO - 原始尺寸: 78 x 74, 位深度: 8位, RGB: True
2025-10-10 13:09:44,976 - gui.main_window - INFO - PNG RGB图像：禁用通道选择器
2025-10-10 13:09:44,976 - gui.image_viewer - INFO - 图像已加载到查看器: (74, 78, 3)
2025-10-10 13:09:45,736 - gui.controls - INFO - 选择文件: E:/Documents/OneDrive - Wuchang Experimental High School/课题组/CX/有源数字液滴微流控/光流控/HeLa电穿孔/20251002/2/Output/Demo/results/roi_visualizations/roi_vis_DSC02930-RAWcomposite.png
2025-10-10 13:09:49,030 - core.image_processor - INFO - 开始放大图像: 78x74 -> 1560x1480 (倍数: 20x)
2025-10-10 13:09:49,038 - core.image_processor - INFO - 图像放大完成
2025-10-10 13:09:49,041 - gui.image_viewer - INFO - 图像已加载到查看器: (1480, 1560, 3)
2025-10-10 13:10:06,612 - core.image_processor - WARNING - PNG格式对16位支持有限，转换为8位
2025-10-10 13:10:06,636 - core.image_processor - ERROR - 保存图像失败: Too many dimensions: 3 > 2.
2025-10-10 13:12:22,054 - __main__ - INFO - ============================================================
2025-10-10 13:12:22,055 - __main__ - INFO - 灰度TIFF像素放大工具启动
2025-10-10 13:12:22,055 - __main__ - INFO - ============================================================
2025-10-10 13:12:22,481 - gui.main_window - INFO - 应用启动
2025-10-10 13:12:37,760 - core.image_processor - INFO - 检测到图像模式: RGB, 文件类型: .png
2025-10-10 13:12:37,761 - core.image_processor - INFO - PNG文件：保持RGB格式
2025-10-10 13:12:37,761 - core.image_processor - INFO - 加载图像: E:/Documents/OneDrive - Wuchang Experimental High School/课题组/CX/有源数字液滴微流控/光流控/HeLa电穿孔/20251002/2/Output/Demo/results/roi_visualizations/roi_vis_DSC02930-RAWcomposite.png
2025-10-10 13:12:37,762 - core.image_processor - INFO - 原始尺寸: 78 x 74, 位深度: 8位, RGB: True
2025-10-10 13:12:37,762 - gui.main_window - INFO - PNG RGB图像：禁用通道选择器
2025-10-10 13:12:37,762 - gui.image_viewer - INFO - 图像已加载到查看器: (74, 78, 3)
2025-10-10 13:12:38,750 - gui.controls - INFO - 选择文件: E:/Documents/OneDrive - Wuchang Experimental High School/课题组/CX/有源数字液滴微流控/光流控/HeLa电穿孔/20251002/2/Output/Demo/results/roi_visualizations/roi_vis_DSC02930-RAWcomposite.png
2025-10-10 13:12:40,991 - core.image_processor - INFO - 开始放大图像: 78x74 -> 1560x1480 (倍数: 20x)
2025-10-10 13:12:41,000 - core.image_processor - INFO - 图像放大完成
2025-10-10 13:12:41,001 - gui.image_viewer - INFO - 图像已加载到查看器: (1480, 1560, 3)
2025-10-10 13:12:58,990 - core.image_processor - INFO - 保存RGB图像（8位）
2025-10-10 13:12:59,026 - core.image_processor - INFO - 图像已保存: E:/Documents/OneDrive - Wuchang Experimental High School/课题组/CX/有源数字液滴微流控/光流控/HeLa电穿孔/20251002/2/roi_vis_DSC02930-RAWcomposite_20x_1560x1480.png
2025-10-10 13:18:28,278 - gui.main_window - INFO - 应用关闭
2025-10-10 13:18:30,813 - __main__ - INFO - ============================================================
2025-10-10 13:18:30,813 - __main__ - INFO - 灰度TIFF像素放大工具启动
2025-10-10 13:18:30,813 - __main__ - INFO - ============================================================
2025-10-10 13:18:31,237 - gui.main_window - INFO - 应用启动
2025-10-10 13:18:31,911 - gui.main_window - INFO - 应用关闭
